生成启动时间为 2020/11/17 21:19:41。
     1>项目“D:\程序\c\练习\test2\test2\test2.vcxproj”在节点 2 上(Build 个目标)。
     1>ClCompile:
         E:\vs 2013\VC\bin\CL.exe /c /ZI /nologo /W3 /WX- /sdl /Od /Oy- /D _MBCS /Gm /EHsc /RTC1 /MDd /GS /fp:precise /Zc:wchar_t /Zc:forScope /Fo"Debug\\" /Fd"Debug\vc120.pdb" /Gd /TC /analyze- /errorReport:prompt f.c s.c
         s.c
         f.c
     1>d:\程序\c\练习\test2\test2\f.c(17): warning C4047: “初始化”:“int *”与“int”的间接级别不同
         正在生成代码...
       Link:
         E:\vs 2013\VC\bin\link.exe /ERRORREPORT:PROMPT /OUT:"D:\程序\c\练习\test2\Debug\test2.exe" /INCREMENTAL /NOLOGO kernel32.lib user32.lib gdi32.lib winspool.lib comdlg32.lib advapi32.lib shell32.lib ole32.lib oleaut32.lib uuid.lib odbc32.lib odbccp32.lib /MANIFEST /MANIFESTUAC:"level='asInvoker' uiAccess='false'" /manifest:embed /DEBUG /PDB:"D:\程序\c\练习\test2\Debug\test2.pdb" /TLBID:1 /DYNAMICBASE /NXCOMPAT /IMPLIB:"D:\程序\c\练习\test2\Debug\test2.lib" /MACHINE:X86 Debug\f.obj
         Debug\s.obj
     1>s.obj : error LNK2005: _main 已经在 f.obj 中定义
     1>D:\程序\c\练习\test2\Debug\test2.exe : fatal error LNK1169: 找到一个或多个多重定义的符号
     1>已完成生成项目“D:\程序\c\练习\test2\test2\test2.vcxproj”(Build 个目标)的操作 - 失败。

生成失败。

已用时间 00:00:02.16
